Build started 10/8/2018 9:16:04 PM.
     1>Project "D:\Projects\Programming\Win32_gui_refactor\scintilla\win32\SciLexer.vcxproj" on node 2 (Build target(s)).
     1>ClCompile:
         C:\Program Files (x86)\Microsoft Visual Studio 12.0\VC\bin\CL.exe /c /I..\include /I..\src /I..\lexlib /Zi /nologo /W4 /WX- /MP /O2 /Oi /Oy- /GL /D NDEBUG /D WIN32 /D SCI_LEXER /D _CRT_SECURE_NO_DEPRECATE /D _WINDOWS /D _USRDLL /D _WINDLL /D _UNICODE /D UNICODE /Gm- /EHsc /MD /GS /Gy /fp:precise /Zc:wchar_t /Zc:forScope /Fo"Release\\" /Fd"Release\vc120.pdb" /FR"Release\\" /Gd /TP /analyze- /errorReport:prompt ..\lexers\LexA68k.cxx ..\lexers\LexAbaqus.cxx ..\lexers\LexAda.cxx ..\lexers\LexAPDL.cxx ..\lexers\LexAsm.cxx ..\lexers\LexAsn1.cxx ..\lexers\LexASY.cxx ..\lexers\LexAU3.cxx ..\lexers\LexAVE.cxx ..\lexers\LexAVS.cxx ..\lexers\LexBaan.cxx ..\lexers\LexBash.cxx ..\lexers\LexBasic.cxx ..\lexers\LexBullant.cxx ..\lexers\LexCaml.cxx ..\lexers\LexCLW.cxx ..\lexers\LexCmake.cxx ..\lexers\LexCOBOL.cxx ..\lexers\LexCoffeeScript.cxx ..\lexers\LexConf.cxx ..\lexers\LexCPP.cxx ..\lexers\LexCrontab.cxx ..\lexers\LexCsound.cxx ..\lexers\LexCSS.cxx ..\lexers\LexD.cxx ..\lexers\LexDMAP.cxx ..\lexers\LexECL.cxx ..\lexers\LexEiffel.cxx ..\lexers\LexErlang.cxx ..\lexers\LexEScript.cxx ..\lexers\LexFlagship.cxx ..\lexers\LexForth.cxx ..\lexers\LexFortran.cxx ..\lexers\LexGAP.cxx ..\lexers\LexGui4Cli.cxx ..\lexers\LexHaskell.cxx ..\lexers\LexHTML.cxx ..\lexers\LexInno.cxx ..\lexers\LexKix.cxx ..\lexers\LexKVIrc.cxx ..\lexers\LexLaTeX.cxx ..\lexers\LexLisp.cxx ..\lexers\LexLout.cxx ..\lexers\LexLua.cxx ..\lexers\LexMagik.cxx ..\lexers\LexMarkdown.cxx ..\lexers\LexMatlab.cxx ..\lexers\LexMetapost.cxx ..\lexers\LexMMIXAL.cxx ..\lexers\LexModula.cxx ..\lexers\LexMPT.cxx ..\lexers\LexMSSQL.cxx ..\lexers\LexMySQL.cxx ..\lexers\LexNimrod.cxx ..\lexers\LexNsis.cxx ..\lexers\LexOpal.cxx ..\lexers\LexOScript.cxx ..\lexers\LexOthers.cxx ..\lexers\LexPascal.cxx ..\lexers\LexPB.cxx ..\lexers\LexPerl.cxx ..\lexers\LexPLM.cxx ..\lexers\LexPO.cxx ..\lexers\LexPOV.cxx ..\lexers\LexPowerPro.cxx ..\lexers\LexPowerShell.cxx ..\lexers\LexProgress.cxx ..\lexers\LexPS.cxx ..\lexers\LexPython.cxx ..\lexers\LexR.cxx ..\lexers\LexRebol.cxx ..\lexers\LexRuby.cxx ..\lexers\LexRust.cxx ..\lexers\LexScriptol.cxx ..\lexers\LexSmalltalk.cxx ..\lexers\LexSML.cxx ..\lexers\LexSorcus.cxx ..\lexers\LexSpecman.cxx ..\lexers\LexSpice.cxx ..\lexers\LexSQL.cxx ..\lexers\LexSTTXT.cxx ..\lexers\LexTACL.cxx ..\lexers\LexTADS3.cxx ..\lexers\LexTAL.cxx ..\lexers\LexTCL.cxx ..\lexers\LexTCMD.cxx ..\lexers\LexTeX.cxx ..\lexers\LexTxt2tags.cxx ..\lexers\LexVB.cxx ..\lexers\LexVerilog.cxx ..\lexers\LexVHDL.cxx ..\lexers\LexVisualProlog.cxx ..\lexers\LexYAML.cxx ..\lexlib\Accessor.cxx ..\lexlib\CharacterCategory.cxx ..\lexlib\CharacterSet.cxx ..\lexlib\LexerBase.cxx ..\lexlib\LexerModule.cxx ..\lexlib\LexerNoExceptions.cxx ..\lexlib\LexerSimple.cxx ..\lexlib\PropSetSimple.cxx ..\lexlib\StyleContext.cxx ..\lexlib\WordList.cxx ..\src\AutoComplete.cxx ..\src\CallTip.cxx ..\src\CaseConvert.cxx ..\src\CaseFolder.cxx ..\src\Catalogue.cxx ..\src\CellBuffer.cxx ..\src\CharClassify.cxx ..\src\ContractionState.cxx ..\src\Decoration.cxx ..\src\Document.cxx ..\src\Editor.cxx ..\src\ExternalLexer.cxx ..\src\Indicator.cxx ..\src\KeyMap.cxx ..\src\LineMarker.cxx ..\src\PerLine.cxx ..\src\PositionCache.cxx ..\src\RESearch.cxx ..\src\RunStyles.cxx ..\src\ScintillaBase.cxx ..\src\Selection.cxx ..\src\Style.cxx ..\src\UniConversion.cxx ..\src\ViewStyle.cxx ..\src\XPM.cxx ..\win32\PlatWin.cxx ..\win32\ScintillaWin.cxx
         LexA68k.cxx
         LexAbaqus.cxx
         LexAda.cxx
         LexAPDL.cxx
         LexAsm.cxx
         LexAsn1.cxx
         LexASY.cxx
         LexAU3.cxx
         LexAVE.cxx
         LexAVS.cxx
         LexBaan.cxx
         LexBash.cxx
         LexBasic.cxx
         LexBullant.cxx
         LexCaml.cxx
         LexCLW.cxx
         LexCmake.cxx
         LexCOBOL.cxx
         LexCoffeeScript.cxx
         LexConf.cxx
         LexCPP.cxx
         LexCrontab.cxx
         LexCsound.cxx
         LexCSS.cxx
         LexD.cxx
         LexDMAP.cxx
         LexECL.cxx
         LexEiffel.cxx
         LexErlang.cxx
         LexEScript.cxx
         LexFlagship.cxx
         LexForth.cxx
         LexFortran.cxx
         LexGAP.cxx
         LexGui4Cli.cxx
         LexHaskell.cxx
         LexHTML.cxx
         LexInno.cxx
         LexKix.cxx
         LexKVIrc.cxx
         LexLaTeX.cxx
         LexLisp.cxx
         LexLout.cxx
         LexLua.cxx
         LexMagik.cxx
         LexMarkdown.cxx
         LexMatlab.cxx
         LexMetapost.cxx
         LexMMIXAL.cxx
         LexModula.cxx
         LexMPT.cxx
         LexMSSQL.cxx
         LexMySQL.cxx
         LexNimrod.cxx
         LexNsis.cxx
         LexOpal.cxx
         LexOScript.cxx
         LexOthers.cxx
         LexPascal.cxx
         LexPB.cxx
         LexPerl.cxx
         LexPLM.cxx
         LexPO.cxx
         LexPOV.cxx
         LexPowerPro.cxx
         LexPowerShell.cxx
         LexProgress.cxx
         LexPS.cxx
         LexPython.cxx
         LexR.cxx
         LexRebol.cxx
         LexRuby.cxx
         LexRust.cxx
         LexScriptol.cxx
         LexSmalltalk.cxx
         LexSML.cxx
         LexSorcus.cxx
         LexSpecman.cxx
         LexSpice.cxx
         LexSQL.cxx
         LexSTTXT.cxx
         LexTACL.cxx
         LexTADS3.cxx
         LexTAL.cxx
         LexTCL.cxx
         LexTCMD.cxx
         LexTeX.cxx
         LexTxt2tags.cxx
         LexVB.cxx
         LexVerilog.cxx
         LexVHDL.cxx
         LexVisualProlog.cxx
         LexYAML.cxx
         Accessor.cxx
         CharacterCategory.cxx
         CharacterSet.cxx
         LexerBase.cxx
         LexerModule.cxx
         LexerNoExceptions.cxx
         LexerSimple.cxx
         PropSetSimple.cxx
         StyleContext.cxx
         WordList.cxx
         AutoComplete.cxx
         CallTip.cxx
         CaseConvert.cxx
         CaseFolder.cxx
         Catalogue.cxx
         CellBuffer.cxx
         CharClassify.cxx
         ContractionState.cxx
         Decoration.cxx
         Document.cxx
         Editor.cxx
         ExternalLexer.cxx
         Indicator.cxx
         KeyMap.cxx
         LineMarker.cxx
         PerLine.cxx
         PositionCache.cxx
         RESearch.cxx
         RunStyles.cxx
         ScintillaBase.cxx
         Selection.cxx
         Style.cxx
         UniConversion.cxx
         ViewStyle.cxx
         XPM.cxx
         PlatWin.cxx
         ScintillaWin.cxx
       ResourceCompile:
         C:\Program Files (x86)\Windows Kits\8.1\bin\x86\rc.exe /D _UNICODE /D UNICODE /l"0x0409" /nologo /fo"Release\ScintRes.res" ..\win32\ScintRes.rc 
       Link:
         C:\Program Files (x86)\Microsoft Visual Studio 12.0\VC\bin\link.exe /ERRORREPORT:PROMPT /OUT:"D:\Projects\Programming\Win32_gui_refactor\scintilla\win32\Release\SciLexer.dll" /INCREMENTAL:NO /NOLOGO imm32.lib kernel32.lib user32.lib gdi32.lib winspool.lib comdlg32.lib advapi32.lib shell32.lib ole32.lib oleaut32.lib uuid.lib odbc32.lib odbccp32.lib /MANIFEST /MANIFESTUAC:"level='asInvoker' uiAccess='false'" /manifest:embed /DEBUG /PDB:"D:\Projects\Programming\Win32_gui_refactor\scintilla\win32\Release\SciLexer.pdb" /SUBSYSTEM:WINDOWS /OPT:REF /OPT:ICF /LTCG /TLBID:1 /DYNAMICBASE /NXCOMPAT /IMPLIB:"D:\Projects\Programming\Win32_gui_refactor\scintilla\win32\Release\SciLexer.lib" /MACHINE:X86 /SAFESEH /DLL Release\ScintRes.res
         Release\LexA68k.obj
         Release\LexAbaqus.obj
         Release\LexAda.obj
         Release\LexAPDL.obj
         Release\LexAsm.obj
         Release\LexAsn1.obj
         Release\LexASY.obj
         Release\LexAU3.obj
         Release\LexAVE.obj
         Release\LexAVS.obj
         Release\LexBaan.obj
         Release\LexBash.obj
         Release\LexBasic.obj
         Release\LexBullant.obj
         Release\LexCaml.obj
         Release\LexCLW.obj
         Release\LexCmake.obj
         Release\LexCOBOL.obj
         Release\LexCoffeeScript.obj
         Release\LexConf.obj
         Release\LexCPP.obj
         Release\LexCrontab.obj
         Release\LexCsound.obj
         Release\LexCSS.obj
         Release\LexD.obj
         Release\LexDMAP.obj
         Release\LexECL.obj
         Release\LexEiffel.obj
         Release\LexErlang.obj
         Release\LexEScript.obj
         Release\LexFlagship.obj
         Release\LexForth.obj
         Release\LexFortran.obj
         Release\LexGAP.obj
         Release\LexGui4Cli.obj
         Release\LexHaskell.obj
         Release\LexHTML.obj
         Release\LexInno.obj
         Release\LexKix.obj
         Release\LexKVIrc.obj
         Release\LexLaTeX.obj
         Release\LexLisp.obj
         Release\LexLout.obj
         Release\LexLua.obj
         Release\LexMagik.obj
         Release\LexMarkdown.obj
         Release\LexMatlab.obj
         Release\LexMetapost.obj
         Release\LexMMIXAL.obj
         Release\LexModula.obj
         Release\LexMPT.obj
         Release\LexMSSQL.obj
         Release\LexMySQL.obj
         Release\LexNimrod.obj
         Release\LexNsis.obj
         Release\LexOpal.obj
         Release\LexOScript.obj
         Release\LexOthers.obj
         Release\LexPascal.obj
         Release\LexPB.obj
         Release\LexPerl.obj
         Release\LexPLM.obj
         Release\LexPO.obj
         Release\LexPOV.obj
         Release\LexPowerPro.obj
         Release\LexPowerShell.obj
         Release\LexProgress.obj
         Release\LexPS.obj
         Release\LexPython.obj
         Release\LexR.obj
         Release\LexRebol.obj
         Release\LexRuby.obj
         Release\LexRust.obj
         Release\LexScriptol.obj
         Release\LexSmalltalk.obj
         Release\LexSML.obj
         Release\LexSorcus.obj
         Release\LexSpecman.obj
         Release\LexSpice.obj
         Release\LexSQL.obj
         Release\LexSTTXT.obj
         Release\LexTACL.obj
         Release\LexTADS3.obj
         Release\LexTAL.obj
         Release\LexTCL.obj
         Release\LexTCMD.obj
         Release\LexTeX.obj
         Release\LexTxt2tags.obj
         Release\LexVB.obj
         Release\LexVerilog.obj
         Release\LexVHDL.obj
         Release\LexVisualProlog.obj
         Release\LexYAML.obj
         Release\Accessor.obj
         Release\CharacterCategory.obj
         Release\CharacterSet.obj
         Release\LexerBase.obj
         Release\LexerModule.obj
         Release\LexerNoExceptions.obj
         Release\LexerSimple.obj
         Release\PropSetSimple.obj
         Release\StyleContext.obj
         Release\WordList.obj
         Release\AutoComplete.obj
         Release\CallTip.obj
         Release\CaseConvert.obj
         Release\CaseFolder.obj
         Release\Catalogue.obj
         Release\CellBuffer.obj
         Release\CharClassify.obj
         Release\ContractionState.obj
         Release\Decoration.obj
         Release\Document.obj
         Release\Editor.obj
         Release\ExternalLexer.obj
         Release\Indicator.obj
         Release\KeyMap.obj
         Release\LineMarker.obj
         Release\PerLine.obj
         Release\PositionCache.obj
         Release\RESearch.obj
         Release\RunStyles.obj
         Release\ScintillaBase.obj
         Release\Selection.obj
         Release\Style.obj
         Release\UniConversion.obj
         Release\ViewStyle.obj
         Release\XPM.obj
         Release\PlatWin.obj
         Release\ScintillaWin.obj
            Creating library D:\Projects\Programming\Win32_gui_refactor\scintilla\win32\Release\SciLexer.lib and object D:\Projects\Programming\Win32_gui_refactor\scintilla\win32\Release\SciLexer.exp
         Generating code
         Finished generating code
         SciLexer.vcxproj -> D:\Projects\Programming\Win32_gui_refactor\scintilla\win32\Release\SciLexer.dll
       BscMake:
         C:\Program Files (x86)\Microsoft Visual Studio 12.0\VC\bin\bscmake.exe /nologo /o"D:\Projects\Programming\Win32_gui_refactor\scintilla\win32\Release\SciLexer.bsc" Release\LexA68k.sbr Release\LexAbaqus.sbr Release\LexAda.sbr Release\LexAPDL.sbr Release\LexAsm.sbr Release\LexAsn1.sbr Release\LexASY.sbr Release\LexAU3.sbr Release\LexAVE.sbr Release\LexAVS.sbr Release\LexBaan.sbr Release\LexBash.sbr Release\LexBasic.sbr Release\LexBullant.sbr Release\LexCaml.sbr Release\LexCLW.sbr Release\LexCmake.sbr Release\LexCOBOL.sbr Release\LexCoffeeScript.sbr Release\LexConf.sbr Release\LexCPP.sbr Release\LexCrontab.sbr Release\LexCsound.sbr Release\LexCSS.sbr Release\LexD.sbr Release\LexDMAP.sbr Release\LexECL.sbr Release\LexEiffel.sbr Release\LexErlang.sbr Release\LexEScript.sbr Release\LexFlagship.sbr Release\LexForth.sbr Release\LexFortran.sbr Release\LexGAP.sbr Release\LexGui4Cli.sbr Release\LexHaskell.sbr Release\LexHTML.sbr Release\LexInno.sbr Release\LexKix.sbr Release\LexKVIrc.sbr Release\LexLaTeX.sbr Release\LexLisp.sbr Release\LexLout.sbr Release\LexLua.sbr Release\LexMagik.sbr Release\LexMarkdown.sbr Release\LexMatlab.sbr Release\LexMetapost.sbr Release\LexMMIXAL.sbr Release\LexModula.sbr Release\LexMPT.sbr Release\LexMSSQL.sbr Release\LexMySQL.sbr Release\LexNimrod.sbr Release\LexNsis.sbr Release\LexOpal.sbr Release\LexOScript.sbr Release\LexOthers.sbr Release\LexPascal.sbr Release\LexPB.sbr Release\LexPerl.sbr Release\LexPLM.sbr Release\LexPO.sbr Release\LexPOV.sbr Release\LexPowerPro.sbr Release\LexPowerShell.sbr Release\LexProgress.sbr Release\LexPS.sbr Release\LexPython.sbr Release\LexR.sbr Release\LexRebol.sbr Release\LexRuby.sbr Release\LexRust.sbr Release\LexScriptol.sbr Release\LexSmalltalk.sbr Release\LexSML.sbr Release\LexSorcus.sbr Release\LexSpecman.sbr Release\LexSpice.sbr Release\LexSQL.sbr Release\LexSTTXT.sbr Release\LexTACL.sbr Release\LexTADS3.sbr Release\LexTAL.sbr Release\LexTCL.sbr Release\LexTCMD.sbr Release\LexTeX.sbr Release\LexTxt2tags.sbr Release\LexVB.sbr Release\LexVerilog.sbr Release\LexVHDL.sbr Release\LexVisualProlog.sbr Release\LexYAML.sbr Release\Accessor.sbr Release\CharacterCategory.sbr Release\CharacterSet.sbr Release\LexerBase.sbr Release\LexerModule.sbr Release\LexerNoExceptions.sbr Release\LexerSimple.sbr Release\PropSetSimple.sbr Release\StyleContext.sbr Release\WordList.sbr Release\AutoComplete.sbr Release\CallTip.sbr Release\CaseConvert.sbr Release\CaseFolder.sbr Release\Catalogue.sbr Release\CellBuffer.sbr Release\CharClassify.sbr Release\ContractionState.sbr Release\Decoration.sbr Release\Document.sbr Release\Editor.sbr Release\ExternalLexer.sbr Release\Indicator.sbr Release\KeyMap.sbr Release\LineMarker.sbr Release\PerLine.sbr Release\PositionCache.sbr Release\RESearch.sbr Release\RunStyles.sbr Release\ScintillaBase.sbr Release\Selection.sbr Release\Style.sbr Release\UniConversion.sbr Release\ViewStyle.sbr Release\XPM.sbr Release\PlatWin.sbr Release\ScintillaWin.sbr
     1>Done Building Project "D:\Projects\Programming\Win32_gui_refactor\scintilla\win32\SciLexer.vcxproj" (Build target(s)).

Build succeeded.

Time Elapsed 00:00:19.17
